[2026-07-09T09:02:41.372Z] Called for WO: 6a4ce2b6b790fc0d1c22f9e1 | Body: {"workStartTime":"2026-07-09T07:02:40.800Z","workEndTime":"2026-07-09T09:02:40.801Z"}
[2026-07-09T09:02:41.374Z] Calculated actualLabourHours: 2
[2026-07-09T09:02:43.517Z] Saved WO. actualLabourHours: 2 | workStartTime: 2026-07-09T07:02:40.800Z | workEndTime: 2026-07-09T09:02:40.801Z
[2026-07-09T09:10:48.723Z] Called for WO: 6a4df3c0941a12ebdf68e6ee | Body: {"workStartTime":"2026-07-07T22:34:00.000Z","workEndTime":"2026-07-07T22:34:00.000Z"}
[2026-07-09T09:10:48.725Z] Calculated actualLabourHours: 0
[2026-07-09T09:10:48.999Z] Saved WO. actualLabourHours: 0 | workStartTime: 2026-07-07T22:34:00.000Z | workEndTime: 2026-07-07T22:34:00.000Z
[2026-07-09T09:11:34.103Z] Called for WO: 6a4df3c0941a12ebdf68e6ee | Body: {"workStartTime":"2026-07-07T22:34:00.000Z","workEndTime":"2026-07-07T22:34:00.000Z"}
[2026-07-09T09:11:34.104Z] Calculated actualLabourHours: 0
[2026-07-09T09:11:34.383Z] Saved WO. actualLabourHours: 0 | workStartTime: 2026-07-07T22:34:00.000Z | workEndTime: 2026-07-07T22:34:00.000Z
[2026-07-09T09:14:43.161Z] Called for WO: 6a4df3c0941a12ebdf68e6ee | Body: {"workStartTime":"2026-07-07T22:34:00.000Z","workEndTime":"2026-07-07T22:50:00.000Z"}
[2026-07-09T09:14:43.165Z] Calculated actualLabourHours: 0.27
[2026-07-09T09:14:43.444Z] Saved WO. actualLabourHours: 0.27 | workStartTime: 2026-07-07T22:34:00.000Z | workEndTime: 2026-07-07T22:50:00.000Z
[2026-07-09T10:19:50.325Z] Called for WO: 6a4f67fe032bf9f8f9076481 | Body: {"workStartTime":"2026-07-08T22:00:00.000Z","workEndTime":"2026-07-08T23:30:00.000Z"}
[2026-07-09T10:19:50.330Z] Calculated actualLabourHours: 1.5
[2026-07-09T10:19:50.607Z] Saved WO. actualLabourHours: 1.5 | workStartTime: 2026-07-08T22:00:00.000Z | workEndTime: 2026-07-08T23:30:00.000Z
[2026-07-09T10:38:46.105Z] Called for WO: 6a4f798ed34660de6f26b693 | Body: {"workStartTime":"2026-07-08T21:30:00.000Z","workEndTime":"2026-07-09T00:30:00.000Z"}
[2026-07-09T10:38:46.108Z] Calculated actualLabourHours: 3
[2026-07-09T10:38:46.388Z] Saved WO. actualLabourHours: 3 | workStartTime: 2026-07-08T21:30:00.000Z | workEndTime: 2026-07-09T00:30:00.000Z
[2026-07-10T09:45:05.283Z] Called for WO: 6a4f9c89e10bafaff6247642 | Body: {"workStartTime":"2026-07-08T20:30:00.000Z","workEndTime":"2026-07-08T21:30:00.000Z"}
[2026-07-10T09:45:05.284Z] Calculated actualLabourHours: 1
[2026-07-10T09:45:05.573Z] Saved WO. actualLabourHours: 1 | workStartTime: 2026-07-08T20:30:00.000Z | workEndTime: 2026-07-08T21:30:00.000Z
[2026-07-10T12:00:43.049Z] Called for WO: 6a50dd95ca517d1c15b644d8 | Body: {"workStartTime":"2026-07-09T21:30:00.000Z","workEndTime":"2026-07-09T22:30:00.000Z"}
[2026-07-10T12:00:43.054Z] Calculated actualLabourHours: 1
[2026-07-10T12:00:43.332Z] Saved WO. actualLabourHours: 1 | workStartTime: 2026-07-09T21:30:00.000Z | workEndTime: 2026-07-09T22:30:00.000Z
[2026-07-10T12:02:55.195Z] Called for WO: 6a50df177951fca8db8be7e7 | Body: {"workStartTime":"2026-07-09T21:30:00.000Z","workEndTime":"2026-07-09T22:30:00.000Z"}
[2026-07-10T12:02:55.196Z] Calculated actualLabourHours: 1
[2026-07-10T12:02:55.471Z] Saved WO. actualLabourHours: 1 | workStartTime: 2026-07-09T21:30:00.000Z | workEndTime: 2026-07-09T22:30:00.000Z
[2026-07-10T12:18:18.595Z] Called for WO: 6a50e2c61cf9811dd99ca70f | Body: {"workStartTime":"2026-07-09T21:30:00.000Z","workEndTime":"2026-07-09T21:30:00.000Z"}
[2026-07-10T12:18:18.599Z] Calculated actualLabourHours: 0
[2026-07-10T12:18:18.883Z] Saved WO. actualLabourHours: 0 | workStartTime: 2026-07-09T21:30:00.000Z | workEndTime: 2026-07-09T21:30:00.000Z
[2026-07-10T12:18:26.760Z] Called for WO: 6a50e2c61cf9811dd99ca70f | Body: {"workStartTime":"2026-07-09T21:30:00.000Z","workEndTime":"2026-07-09T22:30:00.000Z"}
[2026-07-10T12:18:26.761Z] Calculated actualLabourHours: 1
[2026-07-10T12:18:27.069Z] Saved WO. actualLabourHours: 1 | workStartTime: 2026-07-09T21:30:00.000Z | workEndTime: 2026-07-09T22:30:00.000Z
[2026-07-10T17:45:59.590Z] Called for WO: 6a512a301455341a4c8572f4 | Body: {"workStartTime":"2026-07-09T22:30:00.000Z","workEndTime":"2026-07-10T02:30:00.000Z"}
[2026-07-10T17:45:59.600Z] Calculated actualLabourHours: 4
[2026-07-10T17:45:59.965Z] Saved WO. actualLabourHours: 4 | workStartTime: 2026-07-09T22:30:00.000Z | workEndTime: 2026-07-10T02:30:00.000Z
[2026-07-11T04:47:06.973Z] Called for WO: 6a514dc39f67c4863170d942 | Body: {"workStartTime":"2026-07-10T21:30:00.000Z","workEndTime":"2026-07-10T22:30:00.000Z"}
[2026-07-11T04:47:07.006Z] Calculated actualLabourHours: 1
[2026-07-11T04:47:07.346Z] Saved WO. actualLabourHours: 1 | workStartTime: 2026-07-10T21:30:00.000Z | workEndTime: 2026-07-10T22:30:00.000Z
[2026-07-11T07:26:11.914Z] Called for WO: 6a51ddd506cfc0432c77a169 | Body: {"workStartTime":"2026-07-10T23:30:00.000Z","workEndTime":"2026-07-11T00:30:00.000Z"}
[2026-07-11T07:26:11.920Z] Calculated actualLabourHours: 1
[2026-07-11T07:26:12.221Z] Saved WO. actualLabourHours: 1 | workStartTime: 2026-07-10T23:30:00.000Z | workEndTime: 2026-07-11T00:30:00.000Z
[2026-07-11T08:12:22.186Z] Called for WO: 6a51fab118a86bf0ce0cdb2d | Body: {"workStartTime":"2026-07-10T21:30:00.000Z","workEndTime":"2026-07-10T22:30:00.000Z"}
[2026-07-11T08:12:22.190Z] Calculated actualLabourHours: 1
[2026-07-11T08:12:22.530Z] Saved WO. actualLabourHours: 1 | workStartTime: 2026-07-10T21:30:00.000Z | workEndTime: 2026-07-10T22:30:00.000Z
